<?xml version="1.0" encoding="UTF-8"?>
<!-- Generated by org.testng.reporters.JUnitXMLReporter -->
<testsuite hostname="Admin" ignored="7" name="New User Registeration Tests" tests="2" failures="2" timestamp="02 Jul 2021 12:47:07 GMT" time="27.449" errors="0">
  <testcase name="newCustomerCreditCardMethodTest" time="3.557" classname="Blume2000.accountTypeNewCustomer">
    <failure type="java.lang.NullPointerException">
      <![CDATA[java.lang.NullPointerException
at org.openqa.selenium.support.pagefactory.internal.LocatingElementHandler.invoke(LocatingElementHandler.java:51)
at com.sun.proxy.$Proxy25.click(Unknown Source)
at pageObjects.GeneralPage.clickCloseCookieMessage(GeneralPage.java:64)
at Blume2000.accountTypeNewCustomer.newCustomerCreditCardMethodTest(accountTypeNewCustomer.java:256)
... Removed 29 stack frames]]>
    </failure>
  </testcase> <!-- newCustomerCreditCardMethodTest -->
  <testcase name="newCustomerCreditCardMethodTest" time="27.214" classname="Blume2000.accountTypeNewCustomer">
    <failure type="org.openqa.selenium.NoSuchWindowException" message="no such window: target window already closed
from unknown error: web view not found
  (Session info: chrome=91.0.4472.124)
  (Driver info: chromedriver=2.38.552522 (437e6fbedfa8762dec75e2c5b3ddb86763dc9dcb),platform=Windows NT 10.0.19041 x86_64) (WARNING: The server did not provide any stacktrace information)
Command duration or timeout: 32 milliseconds
Build info: version: &amp;apos;3.4.0&amp;apos;, revision: &amp;apos;unknown&amp;apos;, time: &amp;apos;unknown&amp;apos;
System info: host: &amp;apos;ADMIN&amp;apos;, ip: &amp;apos;169.254.60.46&amp;apos;, os.name: &amp;apos;Windows 10&amp;apos;, os.arch: &amp;apos;amd64&amp;apos;, os.version: &amp;apos;10.0&amp;apos;, java.version: &amp;apos;1.8.0_291&amp;apos;
Driver info: org.openqa.selenium.chrome.ChromeDriver
Capabilities [{applicationCacheEnabled=false, rotatable=false, mobileEmulationEnabled=false, networkConnectionEnabled=false, chrome={chromedriverVersion=2.38.552522 (437e6fbedfa8762dec75e2c5b3ddb86763dc9dcb), userDataDir=C:\Users\Comp-7\AppData\Local\Temp\scoped_dir2176_9933}, takesHeapSnapshot=true, pageLoadStrategy=normal, databaseEnabled=false, handlesAlerts=true, hasTouchScreen=false, version=91.0.4472.124, platform=XP, browserConnectionEnabled=false, nativeEvents=true, acceptSslCerts=false, acceptInsecureCerts=false, locationContextEnabled=true, webStorageEnabled=true, browserName=chrome, takesScreenshot=true, javascriptEnabled=true, cssSelectorsEnabled=true, setWindowRect=true, unexpectedAlertBehaviour=}]
Session ID: a0ab8865e04294ecaed6ff0ad0e4315b">
      <![CDATA[org.openqa.selenium.NoSuchWindowException: no such window: target window already closed
from unknown error: web view not found
  (Session info: chrome=91.0.4472.124)
  (Driver info: chromedriver=2.38.552522 (437e6fbedfa8762dec75e2c5b3ddb86763dc9dcb),platform=Windows NT 10.0.19041 x86_64) (WARNING: The server did not provide any stacktrace information)
Command duration or timeout: 32 milliseconds
Build info: version: '3.4.0', revision: 'unknown', time: 'unknown'
System info: host: 'ADMIN', ip: '169.254.60.46', os.name: 'Windows 10', os.arch: 'amd64', os.version: '10.0', java.version: '1.8.0_291'
Driver info: org.openqa.selenium.chrome.ChromeDriver
Capabilities [{applicationCacheEnabled=false, rotatable=false, mobileEmulationEnabled=false, networkConnectionEnabled=false, chrome={chromedriverVersion=2.38.552522 (437e6fbedfa8762dec75e2c5b3ddb86763dc9dcb), userDataDir=C:\Users\Comp-7\AppData\Local\Temp\scoped_dir2176_9933}, takesHeapSnapshot=true, pageLoadStrategy=normal, databaseEnabled=false, handlesAlerts=true, hasTouchScreen=false, version=91.0.4472.124, platform=XP, browserConnectionEnabled=false, nativeEvents=true, acceptSslCerts=false, acceptInsecureCerts=false, locationContextEnabled=true, webStorageEnabled=true, browserName=chrome, takesScreenshot=true, javascriptEnabled=true, cssSelectorsEnabled=true, setWindowRect=true, unexpectedAlertBehaviour=}]
Session ID: a0ab8865e04294ecaed6ff0ad0e4315b
at org.openqa.selenium.remote.ErrorHandler.createThrowable(ErrorHandler.java:215)
at org.openqa.selenium.remote.ErrorHandler.throwIfResponseFailed(ErrorHandler.java:167)
at org.openqa.selenium.remote.RemoteWebDriver.execute(RemoteWebDriver.java:671)
at org.openqa.selenium.remote.RemoteWebDriver.execute(RemoteWebDriver.java:694)
at org.openqa.selenium.remote.RemoteWebDriver.getScreenshotAs(RemoteWebDriver.java:382)
at resources.BasicVariables.takeScreenshot(BasicVariables.java:177)
at Blume2000.listeners.onTestFailure(listeners.java:32)
... Removed 26 stack frames]]>
    </failure>
  </testcase> <!-- newCustomerCreditCardMethodTest -->
  <testcase name="newCustomerSEPADirectDebitMethodTestWithGiftCard" time="0.0" classname="Blume2000.accountTypeNewCustomer">
    <ignored/>
  </testcase> <!-- newCustomerSEPADirectDebitMethodTestWithGiftCard -->
  <testcase name="newCustomerPaypalPaymentMethodTestWithGiftCard" time="0.0" classname="Blume2000.accountTypeNewCustomer">
    <ignored/>
  </testcase> <!-- newCustomerPaypalPaymentMethodTestWithGiftCard -->
  <testcase name="newCustomerCreditCardMethodTestWithGiftCard" time="0.0" classname="Blume2000.accountTypeNewCustomer">
    <ignored/>
  </testcase> <!-- newCustomerCreditCardMethodTestWithGiftCard -->
  <testcase name="newCustomerInvoiceMethodTestWithGiftCard" time="0.0" classname="Blume2000.accountTypeNewCustomer">
    <ignored/>
  </testcase> <!-- newCustomerInvoiceMethodTestWithGiftCard -->
  <testcase name="newCustomerRatePayMethodTestWithGiftCard" time="0.0" classname="Blume2000.accountTypeNewCustomer">
    <ignored/>
  </testcase> <!-- newCustomerRatePayMethodTestWithGiftCard -->
  <testcase name="newCustomerCreditCardMethodTestWithGiftCardTopseller" time="0.0" classname="Blume2000.accountTypeNewCustomer">
    <ignored/>
  </testcase> <!-- newCustomerCreditCardMethodTestWithGiftCardTopseller -->
  <testcase name="newCustomerInvoiceMethodTest" time="0.0" classname="Blume2000.accountTypeNewCustomer">
    <ignored/>
  </testcase> <!-- newCustomerInvoiceMethodTest -->
</testsuite> <!-- New User Registeration Tests -->
